<?xml version="1.0" encoding="UTF-8"?>
<!-- Generated by org.testng.reporters.JUnitReportReporter -->
<testsuite hostname="BANGJOEWIN11" failures="0" tests="1" name="com.hrmodule.testcases.AddUserTest" time="32.659" errors="0" timestamp="2023-09-17T23:38:21 WIB" skipped="0">
  <testcase classname="com.hrmodule.testcases.AddUserTest" name="AddUser" time="32.659"/>
</testsuite> <!-- com.hrmodule.testcases.AddUserTest -->
