<?xml version="1.0" encoding="UTF-8"?>
<!-- Generated by org.testng.reporters.JUnitReportReporter -->
<testsuite hostname="BANGJOEWIN11" failures="0" tests="1" name="com.hrmodule.testcases.LoginPageTest" time="13.850" errors="0" timestamp="2023-09-11T14:15:10 WIB" skipped="0">
  <testcase classname="com.hrmodule.testcases.LoginPageTest" name="LoginTest" time="13.850"/>
</testsuite> <!-- com.hrmodule.testcases.LoginPageTest -->
